{
  "stats": {
    "suites": 8,
    "tests": 15,
    "passes": 4,
    "pending": 11,
    "failures": 0,
    "start": "2023-07-10T20:07:40.624Z",
    "end": "2023-07-10T20:07:44.520Z",
    "duration": 3896,
    "testsRegistered": 15,
    "passPercent": 100,
    "pendingPercent": 73.33333333333333,
    "other": 0,
    "hasOther": false,
    "skipped": 0,
    "hasSkipped": false
  },
  "results": [
    {
      "uuid": "f5dafb5a-ea7e-40e2-82dd-41238a6858d9",
      "title": "",
      "fullFile": "",
      "file": "",
      "beforeHooks": [],
      "afterHooks": [],
      "tests": [],
      "suites": [
        {
          "uuid": "bbf7323f-2c7f-4ae9-9ca8-79e5da645660",
          "title": "User Posts",
          "fullFile": "C:\\Users\\itqa\\Documents\\superTestJsApi\\test\\posts.js",
          "file": "\\test\\posts.js",
          "beforeHooks": [
            {
              "title": "\"before all\" hook in \"User Posts\"",
              "fullTitle": "User Posts \"before all\" hook in \"User Posts\"",
              "timedOut": false,
              "duration": 861,
              "state": null,
              "speed": null,
              "pass": false,
              "fail": false,
              "pending": false,
              "context": null,
              "code": "var self = this,\n  args = arguments;\nreturn new Promise(function (resolve, reject) {\n  var gen = fn.apply(self, args);\n  function _next(value) {\n    asyncGeneratorStep(gen, resolve, reject, _next, _throw, \"next\", value);\n  }\n  function _throw(err) {\n    asyncGeneratorStep(gen, resolve, reject, _next, _throw, \"throw\", err);\n  }\n  _next(undefined);\n});",
              "err": {},
              "uuid": "4026939c-6183-4e9d-bf92-0cf47d51e17b",
              "parentUUID": "bbf7323f-2c7f-4ae9-9ca8-79e5da645660",
              "isHook": true,
              "skipped": false
            }
          ],
          "afterHooks": [],
          "tests": [
            {
              "title": "/posts",
              "fullTitle": "User Posts /posts",
              "timedOut": false,
              "duration": 803,
              "state": "passed",
              "speed": "slow",
              "pass": true,
              "fail": false,
              "pending": false,
              "context": null,
              "code": "var self = this,\n  args = arguments;\nreturn new Promise(function (resolve, reject) {\n  var gen = fn.apply(self, args);\n  function _next(value) {\n    asyncGeneratorStep(gen, resolve, reject, _next, _throw, \"next\", value);\n  }\n  function _throw(err) {\n    asyncGeneratorStep(gen, resolve, reject, _next, _throw, \"throw\", err);\n  }\n  _next(undefined);\n});",
              "err": {},
              "uuid": "e3b70703-3636-4a15-be96-33be47032654",
              "parentUUID": "bbf7323f-2c7f-4ae9-9ca8-79e5da645660",
              "isHook": false,
              "skipped": false
            },
            {
              "title": "Get /posts/:id",
              "fullTitle": "User Posts Get /posts/:id",
              "timedOut": false,
              "duration": 773,
              "state": "passed",
              "speed": "slow",
              "pass": true,
              "fail": false,
              "pending": false,
              "context": null,
              "code": "var self = this,\n  args = arguments;\nreturn new Promise(function (resolve, reject) {\n  var gen = fn.apply(self, args);\n  function _next(value) {\n    asyncGeneratorStep(gen, resolve, reject, _next, _throw, \"next\", value);\n  }\n  function _throw(err) {\n    asyncGeneratorStep(gen, resolve, reject, _next, _throw, \"throw\", err);\n  }\n  _next(undefined);\n});",
              "err": {},
              "uuid": "2c23abc0-b58b-4a3c-8601-f5e0f76b0412",
              "parentUUID": "bbf7323f-2c7f-4ae9-9ca8-79e5da645660",
              "isHook": false,
              "skipped": false
            }
          ],
          "suites": [
            {
              "uuid": "19a23609-f9c2-43bf-b1df-04ea85d72917",
              "title": "Negative test",
              "fullFile": "C:\\Users\\itqa\\Documents\\superTestJsApi\\test\\posts.js",
              "file": "\\test\\posts.js",
              "beforeHooks": [],
              "afterHooks": [],
              "tests": [
                {
                  "title": "401 Authentication failed",
                  "fullTitle": "User Posts Negative test 401 Authentication failed",
                  "timedOut": false,
                  "duration": 693,
                  "state": "passed",
                  "speed": "slow",
                  "pass": true,
                  "fail": false,
                  "pending": false,
                  "context": null,
                  "code": "var self = this,\n  args = arguments;\nreturn new Promise(function (resolve, reject) {\n  var gen = fn.apply(self, args);\n  function _next(value) {\n    asyncGeneratorStep(gen, resolve, reject, _next, _throw, \"next\", value);\n  }\n  function _throw(err) {\n    asyncGeneratorStep(gen, resolve, reject, _next, _throw, \"throw\", err);\n  }\n  _next(undefined);\n});",
                  "err": {},
                  "uuid": "5c69e482-83e5-4384-8369-a25f53eaa047",
                  "parentUUID": "19a23609-f9c2-43bf-b1df-04ea85d72917",
                  "isHook": false,
                  "skipped": false
                },
                {
                  "title": "422 Validation failed",
                  "fullTitle": "User Posts Negative test 422 Validation failed",
                  "timedOut": false,
                  "duration": 744,
                  "state": "passed",
                  "speed": "slow",
                  "pass": true,
                  "fail": false,
                  "pending": false,
                  "context": null,
                  "code": "var self = this,\n  args = arguments;\nreturn new Promise(function (resolve, reject) {\n  var gen = fn.apply(self, args);\n  function _next(value) {\n    asyncGeneratorStep(gen, resolve, reject, _next, _throw, \"next\", value);\n  }\n  function _throw(err) {\n    asyncGeneratorStep(gen, resolve, reject, _next, _throw, \"throw\", err);\n  }\n  _next(undefined);\n});",
                  "err": {},
                  "uuid": "2f7a017c-e3de-4f63-a3f3-6e956f6e357d",
                  "parentUUID": "19a23609-f9c2-43bf-b1df-04ea85d72917",
                  "isHook": false,
                  "skipped": false
                }
              ],
              "suites": [],
              "passes": [
                "5c69e482-83e5-4384-8369-a25f53eaa047",
                "2f7a017c-e3de-4f63-a3f3-6e956f6e357d"
              ],
              "failures": [],
              "pending": [],
              "skipped": [],
              "duration": 1437,
              "root": false,
              "rootEmpty": false,
              "_timeout": 5000
            }
          ],
          "passes": [
            "e3b70703-3636-4a15-be96-33be47032654",
            "2c23abc0-b58b-4a3c-8601-f5e0f76b0412"
          ],
          "failures": [],
          "pending": [],
          "skipped": [],
          "duration": 1576,
          "root": false,
          "rootEmpty": false,
          "_timeout": 5000
        },
        {
          "uuid": "b3251f3b-8c3a-46f5-98db-b35e9a33d8ca",
          "title": "Users",
          "fullFile": "C:\\Users\\itqa\\Documents\\superTestJsApi\\test\\users-advanced.js",
          "file": "\\test\\users-advanced.js",
          "beforeHooks": [],
          "afterHooks": [],
          "tests": [],
          "suites": [
            {
              "uuid": "7e7703a7-b897-4ada-bab8-e3f75e3226a0",
              "title": "POST",
              "fullFile": "C:\\Users\\itqa\\Documents\\superTestJsApi\\test\\users-advanced.js",
              "file": "\\test\\users-advanced.js",
              "beforeHooks": [],
              "afterHooks": [],
              "tests": [
                {
                  "title": "POST /users",
                  "fullTitle": "Users POST POST /users",
                  "timedOut": false,
                  "duration": 0,
                  "state": "pending",
                  "speed": null,
                  "pass": false,
                  "fail": false,
                  "pending": true,
                  "context": null,
                  "code": "",
                  "err": {},
                  "uuid": "2258eeb8-598b-4629-aadf-9b95feab8707",
                  "parentUUID": "7e7703a7-b897-4ada-bab8-e3f75e3226a0",
                  "isHook": false,
                  "skipped": false
                }
              ],
              "suites": [],
              "passes": [],
              "failures": [],
              "pending": [
                "2258eeb8-598b-4629-aadf-9b95feab8707"
              ],
              "skipped": [],
              "duration": 0,
              "root": false,
              "rootEmpty": false,
              "_timeout": 5000
            },
            {
              "uuid": "855490a6-a2cd-46ec-bcb4-0f418dac8ab3",
              "title": "GET",
              "fullFile": "C:\\Users\\itqa\\Documents\\superTestJsApi\\test\\users-advanced.js",
              "file": "\\test\\users-advanced.js",
              "beforeHooks": [],
              "afterHooks": [],
              "tests": [
                {
                  "title": "/users",
                  "fullTitle": "Users GET /users",
                  "timedOut": false,
                  "duration": 0,
                  "state": "pending",
                  "speed": null,
                  "pass": false,
                  "fail": false,
                  "pending": true,
                  "context": null,
                  "code": "",
                  "err": {},
                  "uuid": "605b01ab-1885-4a75-a3d3-16495c61d1ad",
                  "parentUUID": "855490a6-a2cd-46ec-bcb4-0f418dac8ab3",
                  "isHook": false,
                  "skipped": false
                },
                {
                  "title": "/users/.id",
                  "fullTitle": "Users GET /users/.id",
                  "timedOut": false,
                  "duration": 0,
                  "state": "pending",
                  "speed": null,
                  "pass": false,
                  "fail": false,
                  "pending": true,
                  "context": null,
                  "code": "",
                  "err": {},
                  "uuid": "5d7c7d82-37c8-4eb1-bb64-a0143d962e10",
                  "parentUUID": "855490a6-a2cd-46ec-bcb4-0f418dac8ab3",
                  "isHook": false,
                  "skipped": false
                }
              ],
              "suites": [],
              "passes": [],
              "failures": [],
              "pending": [
                "605b01ab-1885-4a75-a3d3-16495c61d1ad",
                "5d7c7d82-37c8-4eb1-bb64-a0143d962e10"
              ],
              "skipped": [],
              "duration": 0,
              "root": false,
              "rootEmpty": false,
              "_timeout": 5000
            },
            {
              "uuid": "d6d0a18a-e827-47da-b76c-510ab32fabc6",
              "title": "PUT",
              "fullFile": "C:\\Users\\itqa\\Documents\\superTestJsApi\\test\\users-advanced.js",
              "file": "\\test\\users-advanced.js",
              "beforeHooks": [],
              "afterHooks": [],
              "tests": [
                {
                  "title": "PUT /2070",
                  "fullTitle": "Users PUT PUT /2070",
                  "timedOut": false,
                  "duration": 0,
                  "state": "pending",
                  "speed": null,
                  "pass": false,
                  "fail": false,
                  "pending": true,
                  "context": null,
                  "code": "",
                  "err": {},
                  "uuid": "0ad02a84-97a3-4d5f-a1e7-d42772cdf55d",
                  "parentUUID": "d6d0a18a-e827-47da-b76c-510ab32fabc6",
                  "isHook": false,
                  "skipped": false
                }
              ],
              "suites": [],
              "passes": [],
              "failures": [],
              "pending": [
                "0ad02a84-97a3-4d5f-a1e7-d42772cdf55d"
              ],
              "skipped": [],
              "duration": 0,
              "root": false,
              "rootEmpty": false,
              "_timeout": 5000
            },
            {
              "uuid": "f2b8223e-bdf1-4f8d-95f5-760353dcf0bb",
              "title": "DELETE",
              "fullFile": "C:\\Users\\itqa\\Documents\\superTestJsApi\\test\\users-advanced.js",
              "file": "\\test\\users-advanced.js",
              "beforeHooks": [],
              "afterHooks": [],
              "tests": [
                {
                  "title": "DELETE /users:id",
                  "fullTitle": "Users DELETE DELETE /users:id",
                  "timedOut": false,
                  "duration": 0,
                  "state": "pending",
                  "speed": null,
                  "pass": false,
                  "fail": false,
                  "pending": true,
                  "context": null,
                  "code": "",
                  "err": {},
                  "uuid": "f36ae4eb-c203-4f5b-b1a2-497c5a9ee698",
                  "parentUUID": "f2b8223e-bdf1-4f8d-95f5-760353dcf0bb",
                  "isHook": false,
                  "skipped": false
                }
              ],
              "suites": [],
              "passes": [],
              "failures": [],
              "pending": [
                "f36ae4eb-c203-4f5b-b1a2-497c5a9ee698"
              ],
              "skipped": [],
              "duration": 0,
              "root": false,
              "rootEmpty": false,
              "_timeout": 5000
            }
          ],
          "passes": [],
          "failures": [],
          "pending": [],
          "skipped": [],
          "duration": 0,
          "root": false,
          "rootEmpty": false,
          "_timeout": 5000
        },
        {
          "uuid": "cc99da80-64e0-4d69-99fa-42d1f71b7c77",
          "title": "Users",
          "fullFile": "C:\\Users\\itqa\\Documents\\superTestJsApi\\test\\users.js",
          "file": "\\test\\users.js",
          "beforeHooks": [],
          "afterHooks": [],
          "tests": [
            {
              "title": "Get /users",
              "fullTitle": "Users Get /users",
              "timedOut": false,
              "duration": 0,
              "state": "pending",
              "speed": null,
              "pass": false,
              "fail": false,
              "pending": true,
              "context": null,
              "code": "",
              "err": {},
              "uuid": "470bbd00-494a-4fb7-b235-687438b6be2a",
              "parentUUID": "cc99da80-64e0-4d69-99fa-42d1f71b7c77",
              "isHook": false,
              "skipped": false
            },
            {
              "title": "GET /users/.id",
              "fullTitle": "Users GET /users/.id",
              "timedOut": false,
              "duration": 0,
              "state": "pending",
              "speed": null,
              "pass": false,
              "fail": false,
              "pending": true,
              "context": null,
              "code": "",
              "err": {},
              "uuid": "70decf49-e0c0-429a-bbe6-e6555562b4be",
              "parentUUID": "cc99da80-64e0-4d69-99fa-42d1f71b7c77",
              "isHook": false,
              "skipped": false
            },
            {
              "title": "GET /users/users with query params",
              "fullTitle": "Users GET /users/users with query params",
              "timedOut": false,
              "duration": 0,
              "state": "pending",
              "speed": null,
              "pass": false,
              "fail": false,
              "pending": true,
              "context": null,
              "code": "",
              "err": {},
              "uuid": "68cf8e47-9b34-4363-9cc4-1ab3c6f805e9",
              "parentUUID": "cc99da80-64e0-4d69-99fa-42d1f71b7c77",
              "isHook": false,
              "skipped": false
            },
            {
              "title": "POST /users",
              "fullTitle": "Users POST /users",
              "timedOut": false,
              "duration": 0,
              "state": "pending",
              "speed": null,
              "pass": false,
              "fail": false,
              "pending": true,
              "context": null,
              "code": "",
              "err": {},
              "uuid": "9aba7569-eddb-4613-9572-96282e5997ff",
              "parentUUID": "cc99da80-64e0-4d69-99fa-42d1f71b7c77",
              "isHook": false,
              "skipped": false
            },
            {
              "title": "PUT /2070",
              "fullTitle": "Users PUT /2070",
              "timedOut": false,
              "duration": 0,
              "state": "pending",
              "speed": null,
              "pass": false,
              "fail": false,
              "pending": true,
              "context": null,
              "code": "",
              "err": {},
              "uuid": "8c7668ab-d1c8-477e-91f2-6e059d79b39c",
              "parentUUID": "cc99da80-64e0-4d69-99fa-42d1f71b7c77",
              "isHook": false,
              "skipped": false
            },
            {
              "title": "DELETE /users:id",
              "fullTitle": "Users DELETE /users:id",
              "timedOut": false,
              "duration": 0,
              "state": "pending",
              "speed": null,
              "pass": false,
              "fail": false,
              "pending": true,
              "context": null,
              "code": "",
              "err": {},
              "uuid": "6242cfa3-6c18-4206-b7f2-395e487ef9cb",
              "parentUUID": "cc99da80-64e0-4d69-99fa-42d1f71b7c77",
              "isHook": false,
              "skipped": false
            }
          ],
          "suites": [],
          "passes": [],
          "failures": [],
          "pending": [
            "470bbd00-494a-4fb7-b235-687438b6be2a",
            "70decf49-e0c0-429a-bbe6-e6555562b4be",
            "68cf8e47-9b34-4363-9cc4-1ab3c6f805e9",
            "9aba7569-eddb-4613-9572-96282e5997ff",
            "8c7668ab-d1c8-477e-91f2-6e059d79b39c",
            "6242cfa3-6c18-4206-b7f2-395e487ef9cb"
          ],
          "skipped": [],
          "duration": 0,
          "root": false,
          "rootEmpty": false,
          "_timeout": 5000
        }
      ],
      "passes": [],
      "failures": [],
      "pending": [],
      "skipped": [],
      "duration": 0,
      "root": true,
      "rootEmpty": true,
      "_timeout": 5000
    }
  ],
  "meta": {
    "mocha": {
      "version": "10.2.0"
    },
    "mochawesome": {
      "options": {
        "quiet": false,
        "reportFilename": "mochawesome",
        "saveHtml": true,
        "saveJson": true,
        "consoleReporter": "spec",
        "useInlineDiffs": false,
        "code": true
      },
      "version": "7.1.3"
    },
    "marge": {
      "options": null,
      "version": "6.2.0"
    }
  }
}